TN:
SF:src/app.ts
FN:24,(anonymous_1)
FNF:1
FNH:0
FNDA:0,(anonymous_1)
DA:1,0
DA:2,0
DA:3,0
DA:4,0
DA:5,0
DA:6,0
DA:7,0
DA:8,0
DA:9,0
DA:11,0
DA:13,0
DA:15,0
DA:21,0
DA:22,0
DA:24,0
DA:25,0
DA:38,0
DA:39,0
DA:40,0
DA:41,0
DA:42,0
DA:44,0
DA:46,0
LF:23
LH:0
BRF:0
BRH:0
end_of_record
TN:
SF:src/__tests__/bdd/steps/groupManagement.steps.ts
FN:10,(anonymous_1)
FN:31,(anonymous_2)
FN:38,(anonymous_3)
FN:42,(anonymous_4)
FN:46,(anonymous_5)
FN:53,(anonymous_6)
FN:57,(anonymous_7)
FN:61,(anonymous_8)
FN:68,(anonymous_9)
FN:96,(anonymous_10)
FN:102,(anonymous_11)
FN:106,(anonymous_12)
FN:110,(anonymous_13)
FN:120,(anonymous_14)
FN:128,(anonymous_15)
FN:133,(anonymous_16)
FNF:16
FNH:0
FNDA:0,(anonymous_1)
FNDA:0,(anonymous_2)
FNDA:0,(anonymous_3)
FNDA:0,(anonymous_4)
FNDA:0,(anonymous_5)
FNDA:0,(anonymous_6)
FNDA:0,(anonymous_7)
FNDA:0,(anonymous_8)
FNDA:0,(anonymous_9)
FNDA:0,(anonymous_10)
FNDA:0,(anonymous_11)
FNDA:0,(anonymous_12)
FNDA:0,(anonymous_13)
FNDA:0,(anonymous_14)
FNDA:0,(anonymous_15)
FNDA:0,(anonymous_16)
DA:1,0
DA:2,0
DA:3,0
DA:4,0
DA:6,0
DA:10,0
DA:12,0
DA:13,0
DA:18,0
DA:22,0
DA:24,0
DA:28,0
DA:31,0
DA:32,0
DA:38,0
DA:39,0
DA:42,0
DA:43,0
DA:46,0
DA:47,0
DA:53,0
DA:54,0
DA:57,0
DA:58,0
DA:61,0
DA:62,0
DA:68,0
DA:70,0
DA:71,0
DA:76,0
DA:80,0
DA:83,0
DA:87,0
DA:88,0
DA:91,0
DA:96,0
DA:97,0
DA:102,0
DA:103,0
DA:106,0
DA:107,0
DA:110,0
DA:112,0
DA:113,0
DA:115,0
DA:120,0
DA:122,0
DA:123,0
DA:128,0
DA:130,0
DA:133,0
DA:134,0
DA:135,0
LF:53
LH:0
BRDA:112,0,0,0
BRDA:112,0,1,0
BRDA:134,1,0,0
BRDA:134,1,1,0
BRF:4
BRH:0
end_of_record
TN:
SF:src/__tests__/bdd/steps/taskManagement.steps.ts
FN:8,(anonymous_1)
FN:23,(anonymous_2)
FN:31,(anonymous_3)
FN:35,(anonymous_4)
FN:40,(anonymous_5)
FN:48,(anonymous_6)
FN:55,(anonymous_7)
FN:59,(anonymous_8)
FN:64,(anonymous_9)
FN:71,(anonymous_10)
FN:79,(anonymous_11)
FN:85,(anonymous_12)
FN:90,(anonymous_13)
FN:95,(anonymous_14)
FN:100,(anonymous_15)
FN:115,(anonymous_16)
FN:121,(anonymous_17)
FN:125,(anonymous_18)
FNF:18
FNH:0
FNDA:0,(anonymous_1)
FNDA:0,(anonymous_2)
FNDA:0,(anonymous_3)
FNDA:0,(anonymous_4)
FNDA:0,(anonymous_5)
FNDA:0,(anonymous_6)
FNDA:0,(anonymous_7)
FNDA:0,(anonymous_8)
FNDA:0,(anonymous_9)
FNDA:0,(anonymous_10)
FNDA:0,(anonymous_11)
FNDA:0,(anonymous_12)
FNDA:0,(anonymous_13)
FNDA:0,(anonymous_14)
FNDA:0,(anonymous_15)
FNDA:0,(anonymous_16)
FNDA:0,(anonymous_17)
FNDA:0,(anonymous_18)
DA:1,0
DA:2,0
DA:3,0
DA:4,0
DA:6,0
DA:8,0
DA:9,0
DA:10,0
DA:15,0
DA:19,0
DA:20,0
DA:23,0
DA:24,0
DA:28,0
DA:31,0
DA:32,0
DA:35,0
DA:36,0
DA:37,0
DA:40,0
DA:41,0
DA:45,0
DA:48,0
DA:49,0
DA:55,0
DA:56,0
DA:59,0
DA:60,0
DA:64,0
DA:65,0
DA:71,0
DA:72,0
DA:79,0
DA:80,0
DA:85,0
DA:87,0
DA:90,0
DA:91,0
DA:94,0
DA:95,0
DA:96,0
DA:100,0
DA:101,0
DA:105,0
DA:109,0
DA:115,0
DA:116,0
DA:121,0
DA:122,0
DA:123,0
DA:124,0
DA:125,0
DA:126,0
LF:53
LH:0
BRF:0
BRH:0
end_of_record
TN:
SF:src/__tests__/bdd/steps/userRegistration.steps.ts
FN:10,(anonymous_1)
FN:15,(anonymous_2)
FN:26,(anonymous_3)
FN:30,(anonymous_4)
FN:35,(anonymous_5)
FN:48,(anonymous_6)
FN:52,(anonymous_7)
FN:60,(anonymous_8)
FN:70,(anonymous_9)
FN:80,(anonymous_10)
FN:85,(anonymous_11)
FN:90,(anonymous_12)
FN:97,(anonymous_13)
FN:101,(anonymous_14)
FN:106,(anonymous_15)
FN:111,(anonymous_16)
FN:116,(anonymous_17)
FNF:17
FNH:0
FNDA:0,(anonymous_1)
FNDA:0,(anonymous_2)
FNDA:0,(anonymous_3)
FNDA:0,(anonymous_4)
FNDA:0,(anonymous_5)
FNDA:0,(anonymous_6)
FNDA:0,(anonymous_7)
FNDA:0,(anonymous_8)
FNDA:0,(anonymous_9)
FNDA:0,(anonymous_10)
FNDA:0,(anonymous_11)
FNDA:0,(anonymous_12)
FNDA:0,(anonymous_13)
FNDA:0,(anonymous_14)
FNDA:0,(anonymous_15)
FNDA:0,(anonymous_16)
FNDA:0,(anonymous_17)
DA:1,0
DA:2,0
DA:3,0
DA:4,0
DA:6,0
DA:8,0
DA:10,0
DA:11,0
DA:12,0
DA:15,0
DA:16,0
DA:17,0
DA:26,0
DA:27,0
DA:30,0
DA:31,0
DA:32,0
DA:35,0
DA:36,0
DA:41,0
DA:48,0
DA:49,0
DA:52,0
DA:53,0
DA:58,0
DA:60,0
DA:61,0
DA:62,0
DA:63,0
DA:70,0
DA:71,0
DA:75,0
DA:76,0
DA:80,0
DA:81,0
DA:82,0
DA:85,0
DA:86,0
DA:87,0
DA:90,0
DA:91,0
DA:97,0
DA:98,0
DA:101,0
DA:102,0
DA:106,0
DA:108,0
DA:111,0
DA:113,0
DA:116,0
DA:119,0
LF:51
LH:0
BRDA:75,0,0,0
BRF:1
BRH:0
end_of_record
TN:
SF:src/__tests__/bdd/support/hooks.ts
FN:8,(anonymous_1)
FN:13,(anonymous_2)
FN:16,(anonymous_3)
FN:16,(anonymous_4)
FN:25,(anonymous_5)
FNF:5
FNH:0
FNDA:0,(anonymous_1)
FNDA:0,(anonymous_2)
FNDA:0,(anonymous_3)
FNDA:0,(anonymous_4)
FNDA:0,(anonymous_5)
DA:1,0
DA:2,0
DA:3,0
DA:8,0
DA:9,0
DA:10,0
DA:13,0
DA:15,0
DA:16,0
DA:19,0
DA:20,0
DA:23,0
DA:24,0
DA:25,0
LF:14
LH:0
BRDA:15,0,0,0
BRDA:23,1,0,0
BRDA:23,1,1,0
BRDA:23,1,2,0
BRDA:24,2,0,0
BRF:5
BRH:0
end_of_record
TN:
SF:src/__tests__/bdd/support/world.ts
FN:11,(anonymous_0)
FNF:1
FNH:0
FNDA:0,(anonymous_0)
DA:1,0
DA:4,0
DA:12,0
DA:13,0
DA:18,0
LF:5
LH:0
BRF:0
BRH:0
end_of_record
TN:
SF:src/controllers/auth.controller.ts
FN:13,(anonymous_1)
FN:53,(anonymous_2)
FN:93,(anonymous_3)
FN:125,(anonymous_4)
FN:135,(anonymous_5)
FN:156,(anonymous_6)
FNF:6
FNH:0
FNDA:0,(anonymous_1)
FNDA:0,(anonymous_2)
FNDA:0,(anonymous_3)
FNDA:0,(anonymous_4)
FNDA:0,(anonymous_5)
FNDA:0,(anonymous_6)
DA:2,0
DA:3,0
DA:4,0
DA:5,0
DA:7,0
DA:9,0
DA:11,0
DA:13,0
DA:18,0
DA:19,0
DA:21,0
DA:22,0
DA:25,0
DA:27,0
DA:28,0
DA:33,0
DA:49,0
DA:53,0
DA:58,0
DA:59,0
DA:61,0
DA:62,0
DA:65,0
DA:68,0
DA:69,0
DA:74,0
DA:89,0
DA:93,0
DA:98,0
DA:99,0
DA:101,0
DA:102,0
DA:105,0
DA:121,0
DA:125,0
DA:130,0
DA:131,0
DA:132,0
DA:133,0
DA:135,0
DA:137,0
DA:138,0
DA:139,0
DA:140,0
DA:147,0
DA:152,0
DA:156,0
DA:161,0
DA:162,0
DA:163,0
DA:164,0
DA:167,0
DA:168,0
DA:169,0
DA:173,0
DA:174,0
DA:175,0
DA:176,0
DA:179,0
DA:182,0
DA:184,0
DA:186,0
DA:191,0
LF:63
LH:0
BRDA:21,0,0,0
BRDA:21,1,0,0
BRDA:21,1,1,0
BRDA:21,1,2,0
BRDA:27,2,0,0
BRDA:27,2,1,0
BRDA:61,3,0,0
BRDA:61,4,0,0
BRDA:61,4,1,0
BRDA:68,5,0,0
BRDA:68,5,1,0
BRDA:101,6,0,0
BRDA:132,7,0,0
BRDA:137,8,0,0
BRDA:163,9,0,0
BRDA:163,10,0,0
BRDA:163,10,1,0
BRDA:168,11,0,0
BRDA:168,12,0,0
BRDA:168,12,1,0
BRDA:174,13,0,0
BRF:21
BRH:0
end_of_record
TN:
SF:src/controllers/group.controller.ts
FN:6,(anonymous_0)
FN:51,(anonymous_1)
FN:59,(anonymous_2)
FN:62,(anonymous_3)
FN:65,(anonymous_4)
FN:69,(anonymous_5)
FN:82,(anonymous_6)
FN:91,(anonymous_7)
FN:92,(anonymous_8)
FN:113,(anonymous_9)
FN:130,(anonymous_10)
FN:149,(anonymous_11)
FN:175,(anonymous_12)
FN:196,(anonymous_13)
FN:225,(anonymous_14)
FN:252,(anonymous_15)
FN:301,(anonymous_16)
FN:326,(anonymous_17)
FN:334,(anonymous_18)
FN:337,(anonymous_19)
FN:341,(anonymous_20)
FN:347,(anonymous_21)
FN:361,(anonymous_22)
FN:370,(anonymous_23)
FN:385,(anonymous_24)
FN:434,(anonymous_25)
FNF:26
FNH:0
FNDA:0,(anonymous_0)
FNDA:0,(anonymous_1)
FNDA:0,(anonymous_2)
FNDA:0,(anonymous_3)
FNDA:0,(anonymous_4)
FNDA:0,(anonymous_5)
FNDA:0,(anonymous_6)
FNDA:0,(anonymous_7)
FNDA:0,(anonymous_8)
FNDA:0,(anonymous_9)
FNDA:0,(anonymous_10)
FNDA:0,(anonymous_11)
FNDA:0,(anonymous_12)
FNDA:0,(anonymous_13)
FNDA:0,(anonymous_14)
FNDA:0,(anonymous_15)
FNDA:0,(anonymous_16)
FNDA:0,(anonymous_17)
FNDA:0,(anonymous_18)
FNDA:0,(anonymous_19)
FNDA:0,(anonymous_20)
FNDA:0,(anonymous_21)
FNDA:0,(anonymous_22)
FNDA:0,(anonymous_23)
FNDA:0,(anonymous_24)
FNDA:0,(anonymous_25)
DA:2,0
DA:4,0
DA:6,0
DA:11,0
DA:12,0
DA:14,0
DA:15,0
DA:18,0
DA:25,0
DA:31,0
DA:33,0
DA:47,0
DA:51,0
DA:56,0
DA:58,0
DA:59,0
DA:61,0
DA:62,0
DA:65,0
DA:68,0
DA:70,0
DA:71,0
DA:72,0
DA:74,0
DA:83,0
DA:84,0
DA:91,0
DA:92,0
DA:103,0
DA:109,0
DA:113,0
DA:118,0
DA:119,0
DA:121,0
DA:122,0
DA:125,0
DA:126,0
DA:127,0
DA:129,0
DA:131,0
DA:132,0
DA:141,0
DA:149,0
DA:166,0
DA:171,0
DA:175,0
DA:180,0
DA:181,0
DA:183,0
DA:188,0
DA:189,0
DA:192,0
DA:193,0
DA:195,0
DA:197,0
DA:198,0
DA:206,0
DA:221,0
DA:225,0
DA:230,0
DA:231,0
DA:233,0
DA:234,0
DA:237,0
DA:238,0
DA:241,0
DA:243,0
DA:248,0
DA:252,0
DA:257,0
DA:258,0
DA:259,0
DA:261,0
DA:262,0
DA:266,0
DA:267,0
DA:268,0
DA:272,0
DA:273,0
DA:274,0
DA:277,0
DA:283,0
DA:297,0
DA:301,0
DA:306,0
DA:307,0
DA:309,0
DA:311,0
DA:312,0
DA:315,0
DA:317,0
DA:322,0
DA:326,0
DA:331,0
DA:332,0
DA:333,0
DA:334,0
DA:337,0
DA:340,0
DA:342,0
DA:343,0
DA:344,0
DA:346,0
DA:347,0
DA:349,0
DA:362,0
DA:363,0
DA:370,0
DA:375,0
DA:381,0
DA:385,0
DA:390,0
DA:391,0
DA:392,0
DA:395,0
DA:396,0
DA:397,0
DA:401,0
DA:402,0
DA:403,0
DA:407,0
DA:413,0
DA:415,0
DA:430,0
DA:434,0
DA:439,0
DA:440,0
DA:441,0
DA:443,0
DA:444,0
DA:445,0
DA:449,0
DA:450,0
DA:453,0
DA:454,0
DA:455,0
DA:458,0
DA:460,0
DA:465,0
LF:139
LH:0
BRDA:14,0,0,0
BRDA:38,1,0,0
BRDA:38,1,1,0
BRDA:76,2,0,0
BRDA:76,2,1,0
BRDA:84,3,0,0
BRDA:84,3,1,0
BRDA:121,4,0,0
BRDA:132,5,0,0
BRDA:132,5,1,0
BRDA:143,6,0,0
BRDA:143,6,1,0
BRDA:155,7,0,0
BRDA:155,7,1,0
BRDA:159,8,0,0
BRDA:159,8,1,0
BRDA:188,9,0,0
BRDA:198,10,0,0
BRDA:198,10,1,0
BRDA:211,11,0,0
BRDA:211,11,1,0
BRDA:233,12,0,0
BRDA:237,13,0,0
BRDA:237,14,0,0
BRDA:237,14,1,0
BRDA:261,15,0,0
BRDA:267,16,0,0
BRDA:273,17,0,0
BRDA:280,18,0,0
BRDA:280,18,1,0
BRDA:311,19,0,0
BRDA:352,20,0,0
BRDA:352,20,1,0
BRDA:353,21,0,0
BRDA:353,21,1,0
BRDA:363,22,0,0
BRDA:363,22,1,0
BRDA:396,23,0,0
BRDA:402,24,0,0
BRDA:444,25,0,0
BRDA:449,26,0,0
BRDA:454,27,0,0
BRF:42
BRH:0
end_of_record
TN:
SF:src/controllers/notification.controller.ts
FN:6,(anonymous_0)
FN:25,(anonymous_1)
FN:55,(anonymous_2)
FN:63,(anonymous_3)
FNF:4
FNH:4
FNDA:1,(anonymous_0)
FNDA:1,(anonymous_1)
FNDA:1,(anonymous_2)
FNDA:1,(anonymous_3)
DA:3,1
DA:4,1
DA:6,1
DA:11,1
DA:12,1
DA:13,1
DA:15,1
DA:21,0
DA:25,1
DA:30,1
DA:31,1
DA:33,1
DA:34,0
DA:37,1
DA:46,1
DA:51,0
DA:55,1
DA:60,1
DA:61,1
DA:62,1
DA:63,1
DA:64,1
DA:65,0
DA:68,1
DA:70,1
DA:75,0
LF:26
LH:21
BRDA:33,0,0,0
BRDA:33,1,0,1
BRDA:33,1,1,1
BRDA:33,1,2,1
BRDA:38,2,0,1
BRDA:38,2,1,1
BRDA:64,3,0,0
BRF:7
BRH:5
end_of_record
TN:
SF:src/controllers/task.controller.ts
FN:7,(anonymous_0)
FN:19,(anonymous_1)
FN:56,(anonymous_2)
FN:83,(anonymous_3)
FN:95,(anonymous_4)
FN:111,(anonymous_5)
FN:118,(anonymous_6)
FN:130,(anonymous_7)
FN:151,(anonymous_8)
FN:200,(anonymous_9)
FN:227,(anonymous_10)
FN:260,(anonymous_11)
FN:283,(anonymous_12)
FN:291,(anonymous_13)
FN:311,(anonymous_14)
FN:320,(anonymous_15)
FN:321,(anonymous_16)
FNF:17
FNH:7
FNDA:0,(anonymous_0)
FNDA:0,(anonymous_1)
FNDA:0,(anonymous_2)
FNDA:0,(anonymous_3)
FNDA:0,(anonymous_4)
FNDA:0,(anonymous_5)
FNDA:0,(anonymous_6)
FNDA:0,(anonymous_7)
FNDA:0,(anonymous_8)
FNDA:0,(anonymous_9)
FNDA:1,(anonymous_10)
FNDA:1,(anonymous_11)
FNDA:2,(anonymous_12)
FNDA:1,(anonymous_13)
FNDA:1,(anonymous_14)
FNDA:2,(anonymous_15)
FNDA:1,(anonymous_16)
DA:2,1
DA:4,1
DA:7,1
DA:8,0
DA:9,0
DA:13,0
DA:19,1
DA:24,0
DA:25,0
DA:27,0
DA:28,0
DA:31,0
DA:45,0
DA:47,0
DA:52,0
DA:56,1
DA:61,0
DA:62,0
DA:64,0
DA:66,0
DA:68,0
DA:69,0
DA:72,0
DA:73,0
DA:76,0
DA:77,0
DA:80,0
DA:83,0
DA:85,0
DA:91,0
DA:95,1
DA:100,0
DA:101,0
DA:104,0
DA:107,0
DA:110,0
DA:111,0
DA:112,0
DA:115,0
DA:118,0
DA:120,0
DA:126,0
DA:130,1
DA:135,0
DA:136,0
DA:138,0
DA:139,0
DA:142,0
DA:147,0
DA:151,1
DA:156,0
DA:157,0
DA:159,0
DA:161,0
DA:162,0
DA:166,0
DA:167,0
DA:168,0
DA:169,0
DA:170,0
DA:171,0
DA:174,0
DA:175,0
DA:179,0
DA:180,0
DA:181,0
DA:182,0
DA:183,0
DA:184,0
DA:185,0
DA:187,0
DA:189,0
DA:191,0
DA:196,0
DA:200,1
DA:205,0
DA:206,0
DA:208,0
DA:209,0
DA:212,0
DA:213,0
DA:216,0
DA:218,0
DA:223,0
DA:227,1
DA:232,1
DA:233,1
DA:234,1
DA:236,1
DA:237,0
DA:240,1
DA:241,1
DA:242,0
DA:245,1
DA:251,1
DA:256,0
DA:260,1
DA:265,1
DA:266,1
DA:267,1
DA:268,1
DA:269,0
DA:272,1
DA:273,1
DA:279,0
DA:283,1
DA:288,2
DA:289,2
DA:290,2
DA:291,2
DA:294,2
DA:295,1
DA:297,1
DA:298,0
DA:301,1
DA:302,1
DA:307,1
DA:311,1
DA:316,1
DA:317,1
DA:318,1
DA:319,1
DA:320,2
DA:322,1
DA:323,1
DA:324,1
DA:337,1
DA:341,1
DA:342,1
DA:343,1
DA:345,0
LF:131
LH:49
BRDA:27,0,0,0
BRDA:34,1,0,0
BRDA:34,1,1,0
BRDA:35,2,0,0
BRDA:35,2,1,0
BRDA:37,3,0,0
BRDA:37,3,1,0
BRDA:68,4,0,0
BRDA:72,5,0,0
BRDA:76,6,0,0
BRDA:138,7,0,0
BRDA:161,8,0,0
BRDA:167,9,0,0
BRDA:167,10,0,0
BRDA:167,10,1,0
BRDA:168,11,0,0
BRDA:168,11,1,0
BRDA:170,12,0,0
BRDA:180,13,0,0
BRDA:181,14,0,0
BRDA:182,15,0,0
BRDA:183,16,0,0
BRDA:184,17,0,0
BRDA:184,18,0,0
BRDA:184,18,1,0
BRDA:185,19,0,0
BRDA:208,20,0,0
BRDA:212,21,0,0
BRDA:212,22,0,0
BRDA:212,22,1,0
BRDA:236,23,0,0
BRDA:241,24,0,0
BRDA:268,25,0,0
BRDA:290,26,0,2
BRDA:290,26,1,0
BRDA:294,27,0,1
BRDA:297,28,0,0
BRDA:297,29,0,1
BRDA:297,29,1,0
BRDA:329,30,0,1
BRDA:329,30,1,0
BRF:41
BRH:4
end_of_record
TN:
SF:src/controllers/user.controller.ts
FN:6,(anonymous_0)
FN:16,(anonymous_1)
FN:17,(anonymous_2)
FN:37,(anonymous_3)
FN:60,(anonymous_4)
FN:78,(anonymous_5)
FNF:6
FNH:0
FNDA:0,(anonymous_0)
FNDA:0,(anonymous_1)
FNDA:0,(anonymous_2)
FNDA:0,(anonymous_3)
FNDA:0,(anonymous_4)
FNDA:0,(anonymous_5)
DA:2,0
DA:4,0
DA:6,0
DA:11,0
DA:12,0
DA:15,0
DA:16,0
DA:17,0
DA:27,0
DA:33,0
DA:37,0
DA:42,0
DA:43,0
DA:45,0
DA:46,0
DA:50,0
DA:52,0
DA:60,0
DA:69,0
DA:74,0
DA:78,0
DA:83,0
DA:84,0
DA:87,0
DA:88,0
DA:91,0
DA:96,0
DA:97,0
DA:100,0
DA:115,0
LF:30
LH:0
BRDA:45,0,0,0
BRDA:87,1,0,0
BRDA:87,2,0,0
BRDA:87,2,1,0
BRDA:96,3,0,0
BRF:5
BRH:0
end_of_record
TN:
SF:src/lib/dataStore.ts
FN:4,(anonymous_0)
FN:9,(anonymous_1)
FN:16,(anonymous_2)
FN:101,(anonymous_3)
FN:111,(anonymous_4)
FN:122,(anonymous_5)
FN:123,(anonymous_6)
FN:126,(anonymous_7)
FN:127,(anonymous_8)
FN:130,(anonymous_9)
FN:131,(anonymous_10)
FN:134,(anonymous_11)
FN:135,(anonymous_12)
FN:138,(anonymous_13)
FN:142,(anonymous_14)
FN:143,(anonymous_15)
FN:154,(anonymous_16)
FN:155,(anonymous_17)
FN:160,(anonymous_18)
FN:161,(anonymous_19)
FN:162,(anonymous_20)
FN:168,(anonymous_21)
FN:179,(anonymous_22)
FN:180,(anonymous_23)
FN:183,(anonymous_24)
FN:187,(anonymous_25)
FN:188,(anonymous_26)
FN:199,(anonymous_27)
FN:200,(anonymous_28)
FN:205,(anonymous_29)
FN:206,(anonymous_30)
FN:212,(anonymous_31)
FN:222,(anonymous_32)
FN:223,(anonymous_33)
FN:226,(anonymous_34)
FN:227,(anonymous_35)
FN:230,(anonymous_36)
FN:231,(anonymous_37)
FN:234,(anonymous_38)
FN:235,(anonymous_39)
FN:243,(anonymous_40)
FN:254,(anonymous_41)
FN:255,(anonymous_42)
FN:258,(anonymous_43)
FN:272,(anonymous_44)
FN:275,(anonymous_45)
FN:278,(anonymous_46)
FN:281,(anonymous_47)
FN:284,(anonymous_48)
FN:287,(anonymous_49)
FN:290,(anonymous_50)
FN:293,(anonymous_51)
FN:300,(anonymous_52)
FN:301,(anonymous_53)
FN:312,(anonymous_54)
FN:315,(anonymous_55)
FN:338,(anonymous_56)
FN:339,(anonymous_57)
FN:347,(anonymous_58)
FN:363,(anonymous_59)
FN:367,(anonymous_60)
FN:385,(anonymous_61)
FN:390,(anonymous_62)
FN:396,(anonymous_63)
FN:407,(anonymous_64)
FN:408,(anonymous_65)
FN:411,(anonymous_66)
FN:412,(anonymous_67)
FN:420,(anonymous_68)
FN:430,(anonymous_69)
FN:431,(anonymous_70)
FN:435,(anonymous_71)
FN:445,(anonymous_72)
FN:446,(anonymous_73)
FN:448,(anonymous_74)
FN:450,(anonymous_75)
FN:453,(anonymous_76)
FN:454,(anonymous_77)
FN:462,(anonymous_78)
FN:471,(anonymous_79)
FNF:80
FNH:80
FNDA:8,(anonymous_0)
FNDA:8,(anonymous_1)
FNDA:8,(anonymous_2)
FNDA:8,(anonymous_3)
FNDA:308,(anonymous_4)
FNDA:49,(anonymous_5)
FNDA:65,(anonymous_6)
FNDA:8,(anonymous_7)
FNDA:8,(anonymous_8)
FNDA:3,(anonymous_9)
FNDA:3,(anonymous_10)
FNDA:4,(anonymous_11)
FNDA:4,(anonymous_12)
FNDA:3,(anonymous_13)
FNDA:10,(anonymous_14)
FNDA:13,(anonymous_15)
FNDA:4,(anonymous_16)
FNDA:5,(anonymous_17)
FNDA:3,(anonymous_18)
FNDA:5,(anonymous_19)
FNDA:4,(anonymous_20)
FNDA:175,(anonymous_21)
FNDA:11,(anonymous_22)
FNDA:10,(anonymous_23)
FNDA:6,(anonymous_24)
FNDA:4,(anonymous_25)
FNDA:4,(anonymous_26)
FNDA:5,(anonymous_27)
FNDA:5,(anonymous_28)
FNDA:6,(anonymous_29)
FNDA:3,(anonymous_30)
FNDA:138,(anonymous_31)
FNDA:18,(anonymous_32)
FNDA:32,(anonymous_33)
FNDA:9,(anonymous_34)
FNDA:29,(anonymous_35)
FNDA:41,(anonymous_36)
FNDA:75,(anonymous_37)
FNDA:11,(anonymous_38)
FNDA:11,(anonymous_39)
FNDA:150,(anonymous_40)
FNDA:15,(anonymous_41)
FNDA:28,(anonymous_42)
FNDA:40,(anonymous_43)
FNDA:8,(anonymous_44)
FNDA:60,(anonymous_45)
FNDA:24,(anonymous_46)
FNDA:59,(anonymous_47)
FNDA:10,(anonymous_48)
FNDA:4,(anonymous_49)
FNDA:3,(anonymous_50)
FNDA:3,(anonymous_51)
FNDA:13,(anonymous_52)
FNDA:13,(anonymous_53)
FNDA:3,(anonymous_54)
FNDA:11,(anonymous_55)
FNDA:2,(anonymous_56)
FNDA:2,(anonymous_57)
FNDA:7,(anonymous_58)
FNDA:1,(anonymous_59)
FNDA:1,(anonymous_60)
FNDA:15,(anonymous_61)
FNDA:18,(anonymous_62)
FNDA:4,(anonymous_63)
FNDA:2,(anonymous_64)
FNDA:3,(anonymous_65)
FNDA:2,(anonymous_66)
FNDA:1,(anonymous_67)
FNDA:2,(anonymous_68)
FNDA:2,(anonymous_69)
FNDA:4,(anonymous_70)
FNDA:3,(anonymous_71)
FNDA:3,(anonymous_72)
FNDA:9,(anonymous_73)
FNDA:4,(anonymous_74)
FNDA:2,(anonymous_75)
FNDA:2,(anonymous_76)
FNDA:4,(anonymous_77)
FNDA:10,(anonymous_78)
FNDA:8,(anonymous_79)
DA:1,8
DA:4,8
DA:5,8
DA:6,8
DA:9,8
DA:10,8
DA:11,8
DA:12,8
DA:13,8
DA:16,8
DA:17,8
DA:18,8
DA:19,8
DA:20,8
DA:102,8
DA:103,8
DA:104,8
DA:105,8
DA:106,8
DA:107,8
DA:108,8
DA:112,308
DA:118,308
DA:119,308
DA:123,65
DA:127,8
DA:131,3
DA:135,4
DA:139,3
DA:143,13
DA:144,10
DA:146,9
DA:151,9
DA:155,5
DA:156,4
DA:158,3
DA:160,3
DA:161,5
DA:162,4
DA:164,3
DA:169,175
DA:175,175
DA:176,175
DA:180,11
DA:184,6
DA:188,4
DA:189,4
DA:191,3
DA:196,3
DA:200,5
DA:201,5
DA:203,4
DA:205,6
DA:206,4
DA:208,4
DA:213,138
DA:218,138
DA:219,138
DA:223,32
DA:227,29
DA:231,75
DA:235,11
DA:236,11
DA:238,9
DA:239,9
DA:244,150
DA:250,150
DA:251,150
DA:255,28
DA:268,40
DA:270,40
DA:271,37
DA:272,8
DA:274,37
DA:275,60
DA:277,37
DA:278,24
DA:280,37
DA:281,59
DA:283,37
DA:284,10
DA:286,37
DA:287,4
DA:289,37
DA:290,3
DA:292,37
DA:293,3
DA:297,40
DA:301,13
DA:302,13
DA:304,12
DA:309,12
DA:313,3
DA:315,3
DA:316,11
DA:318,11
DA:319,4
DA:321,11
DA:322,1
DA:325,11
DA:326,6
DA:331,6
DA:335,3
DA:339,2
DA:340,2
DA:342,1
DA:343,1
DA:348,7
DA:349,7
DA:351,7
DA:352,7
DA:353,7
DA:355,7
DA:364,1
DA:366,1
DA:368,1
DA:369,1
DA:370,1
DA:372,1
DA:381,1
DA:386,15
DA:387,15
DA:391,18
DA:392,18
DA:397,4
DA:403,4
DA:404,4
DA:408,3
DA:412,2
DA:413,2
DA:415,1
DA:416,1
DA:421,2
DA:426,2
DA:427,2
DA:431,4
DA:436,3
DA:441,3
DA:442,3
DA:446,9
DA:447,3
DA:448,4
DA:450,3
DA:454,4
DA:455,2
DA:457,1
DA:458,1
DA:463,10
DA:464,10
DA:466,9
DA:467,9
DA:468,9
DA:472,8
DA:473,8
DA:475,7
DA:476,7
DA:479,7
DA:480,3
DA:481,3
DA:485,7
DA:486,2
DA:487,2
DA:491,7
DA:492,2
DA:493,2
DA:496,7
DA:501,8
LF:167
LH:167
BRDA:4,0,0,8
BRDA:4,0,1,8
BRDA:9,1,0,8
BRDA:9,1,1,8
BRDA:16,2,0,8
BRDA:16,2,1,8
BRDA:123,3,0,49
BRDA:123,3,1,4
BRDA:127,4,0,8
BRDA:127,4,1,2
BRDA:131,5,0,3
BRDA:131,5,1,0
BRDA:135,6,0,4
BRDA:135,6,1,0
BRDA:135,7,0,4
BRDA:135,7,1,2
BRDA:144,8,0,1
BRDA:156,9,0,1
BRDA:160,10,0,3
BRDA:160,10,1,1
BRDA:180,11,0,11
BRDA:180,11,1,3
BRDA:189,12,0,1
BRDA:201,13,0,1
BRDA:231,14,0,41
BRDA:231,14,1,13
BRDA:231,15,0,75
BRDA:231,15,1,40
BRDA:235,16,0,11
BRDA:235,16,1,9
BRDA:236,17,0,2
BRDA:255,18,0,15
BRDA:255,18,1,2
BRDA:270,19,0,37
BRDA:271,20,0,4
BRDA:274,21,0,14
BRDA:277,22,0,10
BRDA:280,23,0,13
BRDA:283,24,0,4
BRDA:286,25,0,1
BRDA:289,26,0,1
BRDA:290,27,0,3
BRDA:290,27,1,3
BRDA:292,28,0,1
BRDA:293,29,0,3
BRDA:293,29,1,3
BRDA:302,30,0,1
BRDA:318,31,0,4
BRDA:318,32,0,11
BRDA:318,32,1,11
BRDA:318,32,2,8
BRDA:321,33,0,1
BRDA:321,34,0,11
BRDA:321,34,1,11
BRDA:325,35,0,6
BRDA:340,36,0,1
BRDA:349,37,0,0
BRDA:352,38,0,5
BRDA:352,38,1,2
BRDA:353,39,0,4
BRDA:353,39,1,3
BRDA:357,40,0,7
BRDA:357,40,1,0
BRDA:358,41,0,7
BRDA:358,41,1,2
BRDA:359,42,0,7
BRDA:359,42,1,3
BRDA:369,43,0,1
BRDA:369,43,1,0
BRDA:370,44,0,1
BRDA:370,44,1,0
BRDA:374,45,0,1
BRDA:374,45,1,0
BRDA:375,46,0,1
BRDA:375,46,1,0
BRDA:376,47,0,1
BRDA:376,47,1,0
BRDA:392,48,0,15
BRDA:392,48,1,3
BRDA:413,49,0,1
BRDA:431,50,0,4
BRDA:431,50,1,2
BRDA:445,51,0,1
BRDA:447,52,0,2
BRDA:455,53,0,1
BRDA:464,54,0,1
BRDA:464,55,0,10
BRDA:464,55,1,10
BRDA:473,56,0,1
BRDA:479,57,0,3
BRDA:479,58,0,7
BRDA:479,58,1,3
BRDA:485,59,0,2
BRDA:485,60,0,7
BRDA:485,60,1,3
BRDA:491,61,0,2
BRDA:491,62,0,7
BRDA:491,62,1,2
BRF:98
BRH:89
end_of_record
TN:
SF:src/lib/database.ts
FN:12,(anonymous_0)
FN:16,(anonymous_1)
FNF:2
FNH:1
FNDA:1,(anonymous_0)
FNDA:0,(anonymous_1)
DA:1,1
DA:3,1
DA:12,1
DA:13,1
DA:16,1
DA:17,0
DA:18,0
DA:21,1
LF:8
LH:6
BRDA:4,0,0,1
BRDA:4,0,1,0
BRDA:5,1,0,1
BRDA:5,1,1,0
BRDA:6,2,0,1
BRDA:6,2,1,0
BRDA:7,3,0,1
BRDA:7,3,1,0
BRDA:8,4,0,1
BRDA:8,4,1,0
BRF:10
BRH:5
end_of_record
TN:
SF:src/lib/databaseService.ts
FN:5,(anonymous_1)
FN:10,(anonymous_2)
FN:17,(anonymous_3)
FN:105,(anonymous_4)
FN:115,(anonymous_5)
FN:124,(anonymous_6)
FN:133,(anonymous_7)
FN:142,(anonymous_8)
FN:151,(anonymous_9)
FN:160,(anonymous_10)
FN:167,(anonymous_11)
FN:187,(anonymous_12)
FN:193,(anonymous_13)
FN:203,(anonymous_14)
FN:212,(anonymous_15)
FN:221,(anonymous_16)
FN:228,(anonymous_17)
FN:248,(anonymous_18)
FN:254,(anonymous_19)
FN:264,(anonymous_20)
FN:273,(anonymous_21)
FN:282,(anonymous_22)
FN:291,(anonymous_23)
FN:300,(anonymous_24)
FN:316,(anonymous_25)
FN:327,(anonymous_26)
FN:401,(anonymous_27)
FN:416,(anonymous_28)
FN:439,(anonymous_29)
FN:460,(anonymous_30)
FN:478,(anonymous_31)
FN:484,(anonymous_32)
FN:500,(anonymous_33)
FN:504,(anonymous_34)
FN:522,(anonymous_35)
FN:527,(anonymous_36)
FN:535,(anonymous_37)
FN:545,(anonymous_38)
FN:554,(anonymous_39)
FN:560,(anonymous_40)
FN:577,(anonymous_41)
FN:596,(anonymous_42)
FN:605,(anonymous_43)
FN:614,(anonymous_44)
FNF:44
FNH:11
FNDA:1,(anonymous_1)
FNDA:1,(anonymous_2)
FNDA:1,(anonymous_3)
FNDA:8,(anonymous_4)
FNDA:3,(anonymous_5)
FNDA:1,(anonymous_6)
FNDA:0,(anonymous_7)
FNDA:0,(anonymous_8)
FNDA:0,(anonymous_9)
FNDA:1,(anonymous_10)
FNDA:0,(anonymous_11)
FNDA:1,(anonymous_12)
FNDA:1,(anonymous_13)
FNDA:0,(anonymous_14)
FNDA:0,(anonymous_15)
FNDA:0,(anonymous_16)
FNDA:0,(anonymous_17)
FNDA:0,(anonymous_18)
FNDA:1,(anonymous_19)
FNDA:1,(anonymous_20)
FNDA:0,(anonymous_21)
FNDA:0,(anonymous_22)
FNDA:0,(anonymous_23)
FNDA:0,(anonymous_24)
FNDA:0,(anonymous_25)
FNDA:0,(anonymous_26)
FNDA:0,(anonymous_27)
FNDA:0,(anonymous_28)
FNDA:0,(anonymous_29)
FNDA:0,(anonymous_30)
FNDA:0,(anonymous_31)
FNDA:0,(anonymous_32)
FNDA:0,(anonymous_33)
FNDA:0,(anonymous_34)
FNDA:0,(anonymous_35)
FNDA:0,(anonymous_36)
FNDA:0,(anonymous_37)
FNDA:0,(anonymous_38)
FNDA:0,(anonymous_39)
FNDA:0,(anonymous_40)
FNDA:0,(anonymous_41)
FNDA:0,(anonymous_42)
FNDA:0,(anonymous_43)
FNDA:0,(anonymous_44)
DA:1,1
DA:5,1
DA:6,1
DA:7,1
DA:10,1
DA:11,1
DA:12,1
DA:13,1
DA:14,1
DA:17,1
DA:18,1
DA:19,1
DA:20,1
DA:21,1
DA:106,8
DA:112,8
DA:116,3
DA:121,3
DA:125,1
DA:130,1
DA:134,0
DA:139,0
DA:143,0
DA:148,0
DA:152,0
DA:157,0
DA:161,1
DA:162,1
DA:163,1
DA:165,1
DA:166,2
DA:167,2
DA:168,2
DA:169,2
DA:170,2
DA:174,1
DA:176,1
DA:178,1
DA:184,1
DA:188,1
DA:189,1
DA:194,1
DA:200,1
DA:204,0
DA:209,0
DA:213,0
DA:218,0
DA:222,0
DA:223,0
DA:224,0
DA:226,0
DA:227,0
DA:228,0
DA:229,0
DA:230,0
DA:231,0
DA:235,0
DA:237,0
DA:239,0
DA:245,0
DA:249,0
DA:250,0
DA:255,1
DA:261,1
DA:265,1
DA:270,1
DA:274,0
DA:279,0
DA:283,0
DA:288,0
DA:292,0
DA:296,0
DA:301,0
DA:313,0
DA:317,0
DA:324,0
DA:337,0
DA:344,0
DA:345,0
DA:346,0
DA:348,0
DA:349,0
DA:350,0
DA:351,0
DA:352,0
DA:354,0
DA:355,0
DA:356,0
DA:357,0
DA:359,0
DA:360,0
DA:361,0
DA:362,0
DA:364,0
DA:365,0
DA:366,0
DA:367,0
DA:369,0
DA:370,0
DA:371,0
DA:372,0
DA:374,0
DA:375,0
DA:376,0
DA:377,0
DA:379,0
DA:380,0
DA:381,0
DA:382,0
DA:384,0
DA:385,0
DA:386,0
DA:387,0
DA:391,0
DA:392,0
DA:395,0
DA:397,0
DA:398,0
DA:402,0
DA:403,0
DA:404,0
DA:406,0
DA:407,0
DA:408,0
DA:409,0
DA:410,0
DA:411,0
DA:412,0
DA:413,0
DA:414,0
DA:416,0
DA:418,0
DA:419,0
DA:420,0
DA:424,0
DA:426,0
DA:428,0
DA:436,0
DA:440,0
DA:441,0
DA:442,0
DA:443,0
DA:446,0
DA:447,0
DA:448,0
DA:449,0
DA:451,0
DA:452,0
DA:453,0
DA:454,0
DA:458,0
DA:459,0
DA:460,0
DA:461,0
DA:462,0
DA:463,0
DA:467,0
DA:469,0
DA:474,0
DA:475,0
DA:479,0
DA:480,0
DA:485,0
DA:486,0
DA:488,0
DA:489,0
DA:490,0
DA:492,0
DA:501,0
DA:503,0
DA:505,0
DA:506,0
DA:507,0
DA:509,0
DA:518,0
DA:523,0
DA:524,0
DA:528,0
DA:529,0
DA:536,0
DA:542,0
DA:546,0
DA:551,0
DA:555,0
DA:556,0
DA:561,0
DA:574,0
DA:578,0
DA:579,0
DA:585,0
DA:586,0
DA:587,0
DA:590,0
DA:592,0
DA:593,0
DA:597,0
DA:601,0
DA:606,0
DA:607,0
DA:609,0
DA:610,0
DA:611,0
DA:615,0
DA:616,0
DA:618,0
DA:619,0
DA:622,0
DA:623,0
DA:624,0
DA:628,0
DA:629,0
DA:630,0
DA:634,0
DA:635,0
DA:636,0
DA:639,0
DA:644,1
LF:217
LH:42
BRDA:5,0,0,1
BRDA:5,0,1,1
BRDA:10,1,0,1
BRDA:10,1,1,1
BRDA:17,2,0,1
BRDA:17,2,1,1
BRDA:121,3,0,3
BRDA:121,3,1,1
BRDA:130,4,0,1
BRDA:130,4,1,0
BRDA:139,5,0,0
BRDA:139,5,1,0
BRDA:148,6,0,0
BRDA:148,6,1,0
BRDA:166,7,0,2
BRDA:167,8,0,0
BRDA:167,8,1,2
BRDA:174,9,0,0
BRDA:184,10,0,1
BRDA:184,10,1,0
BRDA:189,11,0,1
BRDA:189,11,1,0
BRDA:209,12,0,0
BRDA:209,12,1,0
BRDA:227,13,0,0
BRDA:228,14,0,0
BRDA:228,14,1,0
BRDA:235,15,0,0
BRDA:245,16,0,0
BRDA:245,16,1,0
BRDA:250,17,0,0
BRDA:250,17,1,0
BRDA:288,18,0,0
BRDA:288,18,1,0
BRDA:296,19,0,0
BRDA:296,19,1,0
BRDA:324,20,0,0
BRDA:324,20,1,0
BRDA:348,21,0,0
BRDA:349,22,0,0
BRDA:354,23,0,0
BRDA:359,24,0,0
BRDA:364,25,0,0
BRDA:369,26,0,0
BRDA:374,27,0,0
BRDA:379,28,0,0
BRDA:384,29,0,0
BRDA:391,30,0,0
BRDA:407,31,0,0
BRDA:409,32,0,0
BRDA:409,32,1,0
BRDA:409,32,2,0
BRDA:409,32,3,0
BRDA:409,32,4,0
BRDA:409,32,5,0
BRDA:424,33,0,0
BRDA:436,34,0,0
BRDA:436,34,1,0
BRDA:446,35,0,0
BRDA:451,36,0,0
BRDA:459,37,0,0
BRDA:467,38,0,0
BRDA:467,39,0,0
BRDA:467,39,1,0
BRDA:475,40,0,0
BRDA:475,40,1,0
BRDA:480,41,0,0
BRDA:480,41,1,0
BRDA:486,42,0,0
BRDA:489,43,0,0
BRDA:489,43,1,0
BRDA:490,44,0,0
BRDA:490,44,1,0
BRDA:494,45,0,0
BRDA:494,45,1,0
BRDA:495,46,0,0
BRDA:495,46,1,0
BRDA:496,47,0,0
BRDA:496,47,1,0
BRDA:506,48,0,0
BRDA:506,48,1,0
BRDA:507,49,0,0
BRDA:507,49,1,0
BRDA:511,50,0,0
BRDA:511,50,1,0
BRDA:512,51,0,0
BRDA:512,51,1,0
BRDA:513,52,0,0
BRDA:513,52,1,0
BRDA:529,53,0,0
BRDA:529,53,1,0
BRDA:556,54,0,0
BRDA:556,54,1,0
BRDA:571,55,0,0
BRDA:571,55,1,0
BRDA:577,56,0,0
BRDA:585,57,0,0
BRDA:601,58,0,0
BRDA:601,58,1,0
BRDA:607,59,0,0
BRDA:607,60,0,0
BRDA:607,60,1,0
BRDA:616,61,0,0
BRDA:622,62,0,0
BRDA:622,63,0,0
BRDA:622,63,1,0
BRDA:628,64,0,0
BRDA:628,65,0,0
BRDA:628,65,1,0
BRDA:634,66,0,0
BRDA:634,67,0,0
BRDA:634,67,1,0
BRF:112
BRH:13
end_of_record
TN:
SF:src/lib/migrations.ts
FN:5,(anonymous_10)
FN:33,(anonymous_11)
FN:44,(anonymous_12)
FNF:3
FNH:0
FNDA:0,(anonymous_10)
FNDA:0,(anonymous_11)
FNDA:0,(anonymous_12)
DA:1,0
DA:2,0
DA:3,0
DA:5,0
DA:6,0
DA:7,0
DA:10,0
DA:11,0
DA:12,0
DA:13,0
DA:14,0
DA:20,0
DA:21,0
DA:24,0
DA:25,0
DA:27,0
DA:29,0
DA:33,0
DA:34,0
DA:35,0
DA:38,0
DA:39,0
DA:40,0
DA:41,0
DA:44,0
DA:45,0
DA:48,0
DA:56,0
DA:59,0
DA:66,0
DA:69,0
DA:78,0
DA:88,0
DA:89,0
DA:92,0
DA:93,0
LF:36
LH:0
BRDA:12,0,0,0
BRDA:39,1,0,0
BRF:2
BRH:0
end_of_record
TN:
SF:src/lib/seedData.ts
FN:4,(anonymous_1)
FNF:1
FNH:0
FNDA:0,(anonymous_1)
DA:1,0
DA:2,0
DA:4,0
DA:5,0
DA:7,0
DA:9,0
DA:11,0
DA:20,0
DA:29,0
DA:39,0
DA:45,0
DA:52,0
DA:58,0
DA:64,0
DA:70,0
DA:77,0
DA:83,0
DA:89,0
DA:96,0
DA:103,0
DA:110,0
DA:117,0
DA:129,0
DA:141,0
DA:152,0
DA:164,0
DA:174,0
DA:175,0
DA:176,0
DA:177,0
DA:180,0
LF:31
LH:0
BRF:0
BRH:0
end_of_record
TN:
SF:src/middleware/auth.middleware.ts
FN:15,(anonymous_1)
FN:52,(anonymous_2)
FN:53,(anonymous_3)
FNF:3
FNH:0
FNDA:0,(anonymous_1)
FNDA:0,(anonymous_2)
FNDA:0,(anonymous_3)
DA:2,0
DA:3,0
DA:4,0
DA:15,0
DA:20,0
DA:21,0
DA:23,0
DA:24,0
DA:27,0
DA:28,0
DA:30,0
DA:32,0
DA:33,0
DA:36,0
DA:42,0
DA:44,0
DA:45,0
DA:47,0
DA:52,0
DA:53,0
DA:54,0
DA:55,0
DA:58,0
DA:59,0
DA:62,0
LF:25
LH:0
BRDA:23,0,0,0
BRDA:27,1,0,0
BRDA:27,1,1,0
BRDA:32,2,0,0
BRDA:44,3,0,0
BRDA:44,3,1,0
BRDA:54,4,0,0
BRDA:58,5,0,0
BRF:8
BRH:0
end_of_record
TN:
SF:src/middleware/error.middleware.ts
FN:7,(anonymous_0)
FN:16,(anonymous_1)
FNF:2
FNH:1
FNDA:1,(anonymous_0)
FNDA:0,(anonymous_1)
DA:3,1
DA:8,1
DA:9,1
DA:10,1
DA:12,1
DA:16,1
DA:22,0
DA:23,0
DA:29,0
DA:30,0
LF:10
LH:6
BRDA:22,0,0,0
BRF:1
BRH:0
end_of_record
TN:
SF:src/routes/auth.routes.ts
FNF:0
FNH:0
DA:1,0
DA:2,0
DA:3,0
DA:5,0
DA:7,0
DA:8,0
DA:9,0
DA:10,0
DA:11,0
DA:13,0
LF:10
LH:0
BRF:0
BRH:0
end_of_record
TN:
SF:src/routes/group.routes.ts
FNF:0
FNH:0
DA:1,0
DA:2,0
DA:14,0
DA:16,0
DA:19,0
DA:21,0
DA:22,0
DA:23,0
DA:24,0
DA:25,0
DA:26,0
DA:27,0
DA:28,0
DA:29,0
DA:30,0
DA:32,0
LF:16
LH:0
BRF:0
BRH:0
end_of_record
TN:
SF:src/routes/notification.routes.ts
FNF:0
FNH:0
DA:1,0
DA:2,0
DA:3,0
DA:5,0
DA:7,0
DA:9,0
DA:10,0
DA:11,0
DA:13,0
LF:9
LH:0
BRF:0
BRH:0
end_of_record
TN:
SF:src/routes/task.routes.ts
FNF:0
FNH:0
DA:1,0
DA:2,0
DA:14,0
DA:16,0
DA:19,0
DA:21,0
DA:22,0
DA:23,0
DA:24,0
DA:25,0
DA:26,0
DA:27,0
DA:28,0
DA:29,0
DA:30,0
DA:32,0
LF:16
LH:0
BRF:0
BRH:0
end_of_record
TN:
SF:src/routes/user.routes.ts
FNF:0
FNH:0
DA:1,0
DA:2,0
DA:3,0
DA:5,0
DA:8,0
DA:10,0
DA:11,0
DA:12,0
DA:14,0
LF:9
LH:0
BRF:0
BRH:0
end_of_record
TN:
SF:src/services/TaskService.ts
FN:2,(anonymous_0)
FN:6,(anonymous_1)
FN:10,(anonymous_2)
FN:14,(anonymous_3)
FNF:4
FNH:0
FNDA:0,(anonymous_0)
FNDA:0,(anonymous_1)
FNDA:0,(anonymous_2)
FNDA:0,(anonymous_3)
DA:1,0
DA:3,0
DA:7,0
DA:11,0
DA:15,0
LF:5
LH:0
BRF:0
BRH:0
end_of_record
TN:
SF:src/services/UserService.ts
FN:5,(anonymous_0)
FN:25,(anonymous_1)
FN:34,(anonymous_2)
FN:39,(anonymous_3)
FN:44,(anonymous_4)
FNF:5
FNH:0
FNDA:0,(anonymous_0)
FNDA:0,(anonymous_1)
FNDA:0,(anonymous_2)
FNDA:0,(anonymous_3)
FNDA:0,(anonymous_4)
DA:1,0
DA:3,0
DA:6,0
DA:7,0
DA:10,0
DA:11,0
DA:12,0
DA:15,0
DA:26,0
DA:28,0
DA:29,0
DA:31,0
DA:35,0
DA:36,0
DA:40,0
DA:41,0
DA:45,0
DA:46,0
LF:18
LH:0
BRDA:6,0,0,0
BRDA:11,1,0,0
BRDA:28,2,0,0
BRDA:36,3,0,0
BRDA:36,3,1,0
BRDA:41,4,0,0
BRDA:41,4,1,0
BRDA:46,5,0,0
BRDA:46,5,1,0
BRF:9
BRH:0
end_of_record
